<?xml version="1.0" encoding="UTF-8"?><testsuite errors="1" failures="0" name="As a user, I want register in Utest.com to access the content" skipped="0" tests="1" time="41.57" timestamp="2024-09-10 03:42:29"><testcase name="Registrarme en Utest.com"><error message="element click intercepted: Element &lt;i class=&quot;material-icons&quot; aria-hidden=&quot;true&quot;&gt;...&lt;/i&gt; is not clickable at point (1183, 577). Other element would receive the click: &lt;div class=&quot;ot-sdk-row&quot;&gt;...&lt;/div&gt;&#10;  (Session info: chrome=128.0.6613.120)&#10;Build info: version: '3.141.59', revision: 'e82be7d358', time: '2018-11-14T08:17:03'&#10;System info: host: 'DESKTOP-BELCJ9D', ip: '192.168.1.19', os.name: 'Windows 10', os.arch: 'amd64', os.version: '10.0', java.version: '1.8.0_202'&#10;Driver info: org.openqa.selenium.chrome.ChromeDriver&#10;Capabilities {acceptInsecureCerts: false, browserName: chrome, browserVersion: 128.0.6613.120, chrome: {chromedriverVersion: 128.0.6613.86 (3045ed680fda..., userDataDir: C:\Windows\SystemTemp\scope...}, fedcm:accounts: true, goog:chromeOptions: {debuggerAddress: localhost:63978}, javascriptEnabled: true, networkConnectionEnabled: false, pageLoadStrategy: normal, platform: WINDOWS, platformName: WINDOWS, proxy: Proxy(), setWindowRect: true, strictFileInteractability: false, timeouts: {implicit: 0, pageLoad: 300000, script: 30000}, unhandledPromptBehavior: dismiss and notify, webauthn:extension:credBlob: true, webauthn:extension:largeBlob: true, webauthn:extension:minPinLength: true, webauthn:extension:prf: true, webauthn:virtualAuthenticators: true}&#10;Session ID: c8f2d670d9a5590a894bf120d551ec05" type="org.openqa.selenium.ElementClickInterceptedException">element click intercepted: Element &lt;i class="material-icons" aria-hidden="true"&gt;...&lt;/i&gt; is not clickable at point (1183, 577). Other element would receive the click: &lt;div class="ot-sdk-row"&gt;...&lt;/div&gt;
  (Session info: chrome=128.0.6613.120)
Build info: version: '3.141.59', revision: 'e82be7d358', time: '2018-11-14T08:17:03'
System info: host: 'DESKTOP-BELCJ9D', ip: '192.168.1.19', os.name: 'Windows 10', os.arch: 'amd64', os.version: '10.0', java.version: '1.8.0_202'
Driver info: org.openqa.selenium.chrome.ChromeDriver
Capabilities {acceptInsecureCerts: false, browserName: chrome, browserVersion: 128.0.6613.120, chrome: {chromedriverVersion: 128.0.6613.86 (3045ed680fda..., userDataDir: C:\Windows\SystemTemp\scope...}, fedcm:accounts: true, goog:chromeOptions: {debuggerAddress: localhost:63978}, javascriptEnabled: true, networkConnectionEnabled: false, pageLoadStrategy: normal, platform: WINDOWS, platformName: WINDOWS, proxy: Proxy(), setWindowRect: true, strictFileInteractability: false, timeouts: {implicit: 0, pageLoad: 300000, script: 30000}, unhandledPromptBehavior: dismiss and notify, webauthn:extension:credBlob: true, webauthn:extension:largeBlob: true, webauthn:extension:minPinLength: true, webauthn:extension:prf: true, webauthn:virtualAuthenticators: true}
Session ID: c8f2d670d9a5590a894bf120d551ec05</error><system-err>element click intercepted: Element &lt;i class="material-icons" aria-hidden="true"&gt;...&lt;/i&gt; is not clickable at point (1183, 577). Other element would receive the click: &lt;div class="ot-sdk-row"&gt;...&lt;/div&gt;
  (Session info: chrome=128.0.6613.120)
Build info: version: '3.141.59', revision: 'e82be7d358', time: '2018-11-14T08:17:03'
System info: host: 'DESKTOP-BELCJ9D', ip: '192.168.1.19', os.name: 'Windows 10', os.arch: 'amd64', os.version: '10.0', java.version: '1.8.0_202'
Driver info: org.openqa.selenium.chrome.ChromeDriver
Capabilities {acceptInsecureCerts: false, browserName: chrome, browserVersion: 128.0.6613.120, chrome: {chromedriverVersion: 128.0.6613.86 (3045ed680fda..., userDataDir: C:\Windows\SystemTemp\scope...}, fedcm:accounts: true, goog:chromeOptions: {debuggerAddress: localhost:63978}, javascriptEnabled: true, networkConnectionEnabled: false, pageLoadStrategy: normal, platform: WINDOWS, platformName: WINDOWS, proxy: Proxy(), setWindowRect: true, strictFileInteractability: false, timeouts: {implicit: 0, pageLoad: 300000, script: 30000}, unhandledPromptBehavior: dismiss and notify, webauthn:extension:credBlob: true, webauthn:extension:largeBlob: true, webauthn:extension:minPinLength: true, webauthn:extension:prf: true, webauthn:virtualAuthenticators: true}
Session ID: c8f2d670d9a5590a894bf120d551ec05&#13;
tasks.FirstFormRegister.performAs(FirstFormRegister.java:26)&#13;
StepDefinitions.RegisterUserDefinitions.completoLaInformacionDelRegistro(RegisterUserDefinitions.java:41)&#13;
cucumber.runner.Runner.runPickle(Runner.java:80)&#13;
</system-err></testcase></testsuite>